<?xml version="1.0" encoding="UTF-8"?>
<robot generator="Robot 6.1.1 (Python 3.11.7 on darwin)" generated="20240624 19:42:44.097" rpa="false" schemaversion="4">
<suite id="s1" name="Login" source="/Users/user/Selenium test robot framework/step/login.robot">
<kw name="Open Browser" library="SeleniumLibrary" type="SETUP">
<arg>${WebSauceDemo}</arg>
<arg>${BROWSER}</arg>
<doc>Opens a new browser instance to the optional ``url``.</doc>
<msg timestamp="20240624 19:42:44.378" level="INFO">Opening browser 'chrome' to base url 'https://www.saucedemo.com/'.</msg>
<status status="PASS" starttime="20240624 19:42:44.377" endtime="20240624 19:42:48.676"/>
</kw>
<test id="s1-t1" name="Akses Langsung ke Halaman Produk Tanpa Login" line="190">
<kw name="Go To" library="SeleniumLibrary">
<arg>${URL_PRODUCT}</arg>
<doc>Navigates the current browser window to the provided ``url``.</doc>
<msg timestamp="20240624 19:42:48.678" level="INFO">Opening url 'https://www.saucedemo.com/inventory.html'</msg>
<status status="PASS" starttime="20240624 19:42:48.678" endtime="20240624 19:42:49.258"/>
</kw>
<kw name="Verify Redirected To Login Page">
<kw name="Wait Until Element Is Visible" library="SeleniumLibrary">
<arg>${btnLogin}</arg>
<arg>15s</arg>
<doc>Waits until the element ``locator`` is visible.</doc>
<status status="PASS" starttime="20240624 19:42:49.259" endtime="20240624 19:42:49.293"/>
</kw>
<kw name="Page Should Contain Element" library="SeleniumLibrary">
<arg>${txtUsername}</arg>
<doc>Verifies that element ``locator`` is found on the current page.</doc>
<msg timestamp="20240624 19:42:49.306" level="INFO">Current page contains element 'user-name'.</msg>
<status status="PASS" starttime="20240624 19:42:49.293" endtime="20240624 19:42:49.306"/>
</kw>
<status status="PASS" starttime="20240624 19:42:49.259" endtime="20240624 19:42:49.306"/>
</kw>
<doc>Test case ini menguji apakah pengguna diarahkan kembali ke halaman login saat mencoba mengakses langsung halaman produk tanpa login.</doc>
<status status="PASS" starttime="20240624 19:42:48.676" endtime="20240624 19:42:49.306"/>
</test>
<kw name="Close Browser" library="SeleniumLibrary" type="TEARDOWN">
<doc>Closes the current browser.</doc>
<status status="PASS" starttime="20240624 19:42:49.307" endtime="20240624 19:42:49.432"/>
</kw>
<status status="PASS" starttime="20240624 19:42:44.099" endtime="20240624 19:42:49.432"/>
</suite>
<statistics>
<total>
<stat pass="1" fail="0" skip="0">All Tests</stat>
</total>
<tag>
</tag>
<suite>
<stat pass="1" fail="0" skip="0" id="s1" name="Login">Login</stat>
</suite>
</statistics>
<errors>
</errors>
</robot>
